Using pre-set license
Built from '2020.2/release' branch; Version is '2020.2.2f1 (068178b99f32) revision 426360'; Using compiler version '192528614'; Build Type 'Release'
OS: 'Windows 10 Home Single Language; OS build 19042.1165; Version 2009; 64bit' Language: 'es' Physical Memory: 32610 MB
BatchMode: 1, IsHumanControllingUs: 0, StartBugReporterOnCrash: 0, Is64bit: 1, IsPro: 0

 COMMAND LINE ARGUMENTS:
C:\Program Files\Unity\Hub\Editor\2020.2.2f1\Editor\Unity.exe
-adb2
-batchMode
-noUpm
-name
AssetImportWorker0
-projectPath
C:/Users/ivan0/Documents/docente/unity docente/Prod_Videojjuegos_2Semestre_2021
-logFile
Logs/AssetImportWorker0.log
-srvPort
64962
Successfully changed project path to: C:/Users/ivan0/Documents/docente/unity docente/Prod_Videojjuegos_2Semestre_2021
C:/Users/ivan0/Documents/docente/unity docente/Prod_Videojjuegos_2Semestre_2021
Using Asset Import Pipeline V2.
Refreshing native plugins compatible for Editor in 43.77 ms, found 0 plugins.
Preloading 0 native plugins for Editor in 0.00 ms.
Initialize engine version: 2020.2.2f1 (068178b99f32)
[Subsystems] Discovering subsystems at path C:/Program Files/Unity/Hub/Editor/2020.2.2f1/Editor/Data/Resources/UnitySubsystems
[Subsystems] Discovering subsystems at path C:/Users/ivan0/Documents/docente/unity docente/Prod_Videojjuegos_2Semestre_2021/Assets
GfxDevice: creating device client; threaded=0
Direct3D:
    Version:  Direct3D 11.0 [level 11.1]
    Renderer: NVIDIA GeForce GTX 1050 (ID=0x1c8d)
    Vendor:   
    VRAM:     4019 MB
    Driver:   30.0.14.7111
Initialize mono
Mono path[0] = 'C:/Program Files/Unity/Hub/Editor/2020.2.2f1/Editor/Data/Managed'
Mono path[1] = 'C:/Program Files/Unity/Hub/Editor/2020.2.2f1/Editor/Data/MonoBleedingEdge/lib/mono/unityjit'
Mono config path = 'C:/Program Files/Unity/Hub/Editor/2020.2.2f1/Editor/Data/MonoBleedingEdge/etc'
Using monoOptions --debugger-agent=transport=dt_socket,embedding=1,server=y,suspend=n,address=127.0.0.1:56084
Begin MonoManager ReloadAssembly
Registering precompiled unity dll's ...
Register platform support module: C:/Program Files/Unity/Hub/Editor/2020.2.2f1/Editor/Data/PlaybackEngines/WindowsStandaloneSupport/UnityEditor.WindowsStandalone.Extensions.dll
Registered in 0.003228 seconds.
Native extension for WindowsStandalone target not found
Refreshing native plugins compatible for Editor in 41.66 ms, found 0 plugins.
Preloading 0 native plugins for Editor in 0.00 ms.
Invoked RoslynAnalysisRunner static constructor.
RoslynAnalysisRunner will not be running.
RoslynAnalysisRunner has terminated.
Mono: successfully reloaded assembly
- Completed reload, in  1.886 seconds
Platform modules already initialized, skipping
Registering precompiled user dll's ...
Registered in 0.001299 seconds.
Begin MonoManager ReloadAssembly
Native extension for WindowsStandalone target not found
Refreshing native plugins compatible for Editor in 0.20 ms, found 0 plugins.
Preloading 0 native plugins for Editor in 0.00 ms.
Invoked RoslynAnalysisRunner static constructor.
RoslynAnalysisRunner will not be running.
RoslynAnalysisRunner has terminated.
Mono: successfully reloaded assembly
- Completed reload, in  1.508 seconds
Platform modules already initialized, skipping
========================================================================
Worker process is ready to serve import requests
Launched and connected shader compiler UnityShaderCompiler.exe after 0.08 seconds
Refreshing native plugins compatible for Editor in 0.36 ms, found 0 plugins.
Preloading 0 native plugins for Editor in 0.00 ms.
Unloading 1105 Unused Serialized files (Serialized files now loaded: 0)
System memory in use before: 57.5 MB.
System memory in use after: 57.6 MB.

Unloading 10 unused Assets to reduce memory usage. Loaded Objects now: 1547.
Total: 2.932000 ms (FindLiveObjects: 0.339000 ms CreateObjectMapping: 0.132100 ms MarkObjects: 2.341100 ms  DeleteObjects: 0.118200 ms)

========================================================================
Received Import Request.
  path: Assets/Scripts/Lists
  artifactKey: Guid(fbb09d87d91a9644daa76651a8a63bf0) Importer(815301076,1909f56bfc062723c751e8b465ee728b)
Start importing Assets/Scripts/Lists using Guid(fbb09d87d91a9644daa76651a8a63bf0) Importer(815301076,1909f56bfc062723c751e8b465ee728b)  -> (artifact id: 'e2a4a9cde6d74735b5e47658d52a2638') in 0.015654 seconds
  Import took 0.018398 seconds .

========================================================================
Received Import Request.
  Time since last request: 3.096149 seconds.
  path: Assets/Scripts/Lists/ListasScript.cs
  artifactKey: Guid(59e32cc4ff301cc43957b416cd061df9) Importer(815301076,1909f56bfc062723c751e8b465ee728b)
Start importing Assets/Scripts/Lists/ListasScript.cs using Guid(59e32cc4ff301cc43957b416cd061df9) Importer(815301076,1909f56bfc062723c751e8b465ee728b)  -> (artifact id: 'd27ff3ee6f669b316d759b903beb1cc9') in 0.074884 seconds
  Import took 0.078639 seconds .

========================================================================
Received Prepare
Registering precompiled user dll's ...
Registered in 0.009585 seconds.
Begin MonoManager ReloadAssembly
Native extension for WindowsStandalone target not found
Refreshing native plugins compatible for Editor in 0.35 ms, found 0 plugins.
Preloading 0 native plugins for Editor in 0.00 ms.
Invoked RoslynAnalysisRunner static constructor.
RoslynAnalysisRunner will not be running.
RoslynAnalysisRunner has terminated.
Mono: successfully reloaded assembly
- Completed reload, in  1.696 seconds
Platform modules already initialized, skipping
Refreshing native plugins compatible for Editor in 0.33 ms, found 0 plugins.
Preloading 0 native plugins for Editor in 0.00 ms.
Unloading 1101 Unused Serialized files (Serialized files now loaded: 0)
System memory in use before: 57.6 MB.
System memory in use after: 57.7 MB.

Unloading 5 unused Assets to reduce memory usage. Loaded Objects now: 1550.
Total: 2.560100 ms (FindLiveObjects: 0.259200 ms CreateObjectMapping: 0.059700 ms MarkObjects: 2.168000 ms  DeleteObjects: 0.071100 ms)

========================================================================
Received Import Request.
  Time since last request: 126.486212 seconds.
  path: Assets/Scripts/Lists/ListasScript.cs
  artifactKey: Guid(59e32cc4ff301cc43957b416cd061df9) Importer(815301076,1909f56bfc062723c751e8b465ee728b)
Start importing Assets/Scripts/Lists/ListasScript.cs using Guid(59e32cc4ff301cc43957b416cd061df9) Importer(815301076,1909f56bfc062723c751e8b465ee728b)  -> (artifact id: 'adc9b0cce3f119650bd3302b86194155') in 0.018351 seconds
  Import took 0.027991 seconds .

========================================================================
Received Prepare
Registering precompiled user dll's ...
Registered in 0.002007 seconds.
Begin MonoManager ReloadAssembly
Native extension for WindowsStandalone target not found
Refreshing native plugins compatible for Editor in 0.23 ms, found 0 plugins.
Preloading 0 native plugins for Editor in 0.00 ms.
Invoked RoslynAnalysisRunner static constructor.
RoslynAnalysisRunner will not be running.
RoslynAnalysisRunner has terminated.
Mono: successfully reloaded assembly
- Completed reload, in  1.531 seconds
Platform modules already initialized, skipping
Refreshing native plugins compatible for Editor in 0.39 ms, found 0 plugins.
Preloading 0 native plugins for Editor in 0.00 ms.
Unloading 1101 Unused Serialized files (Serialized files now loaded: 0)
System memory in use before: 57.8 MB.
System memory in use after: 57.9 MB.

Unloading 5 unused Assets to reduce memory usage. Loaded Objects now: 1552.
Total: 2.875100 ms (FindLiveObjects: 0.262300 ms CreateObjectMapping: 0.124100 ms MarkObjects: 2.416500 ms  DeleteObjects: 0.070300 ms)

========================================================================
Received Import Request.
  Time since last request: 119.180865 seconds.
  path: Assets/Scripts/Lists/ListasScript.cs
  artifactKey: Guid(59e32cc4ff301cc43957b416cd061df9) Importer(815301076,1909f56bfc062723c751e8b465ee728b)
Start importing Assets/Scripts/Lists/ListasScript.cs using Guid(59e32cc4ff301cc43957b416cd061df9) Importer(815301076,1909f56bfc062723c751e8b465ee728b)  -> (artifact id: '4ad5639e3ad19901fe1f96ac55ed14d5') in 0.007302 seconds
  Import took 0.010396 seconds .

========================================================================
Received Prepare
Registering precompiled user dll's ...
Registered in 0.001241 seconds.
Begin MonoManager ReloadAssembly
Native extension for WindowsStandalone target not found
Refreshing native plugins compatible for Editor in 0.36 ms, found 0 plugins.
Preloading 0 native plugins for Editor in 0.00 ms.
Invoked RoslynAnalysisRunner static constructor.
RoslynAnalysisRunner will not be running.
RoslynAnalysisRunner has terminated.
Mono: successfully reloaded assembly
- Completed reload, in  1.659 seconds
Platform modules already initialized, skipping
Refreshing native plugins compatible for Editor in 0.39 ms, found 0 plugins.
Preloading 0 native plugins for Editor in 0.00 ms.
Unloading 1101 Unused Serialized files (Serialized files now loaded: 0)
System memory in use before: 58.0 MB.
System memory in use after: 58.0 MB.

Unloading 5 unused Assets to reduce memory usage. Loaded Objects now: 1554.
Total: 2.503700 ms (FindLiveObjects: 0.209700 ms CreateObjectMapping: 0.068400 ms MarkObjects: 2.158100 ms  DeleteObjects: 0.065800 ms)

========================================================================
Received Prepare
Registering precompiled user dll's ...
Registered in 0.001230 seconds.
Begin MonoManager ReloadAssembly
Native extension for WindowsStandalone target not found
Refreshing native plugins compatible for Editor in 0.37 ms, found 0 plugins.
Preloading 0 native plugins for Editor in 0.00 ms.
Invoked RoslynAnalysisRunner static constructor.
RoslynAnalysisRunner will not be running.
RoslynAnalysisRunner has terminated.
Mono: successfully reloaded assembly
- Completed reload, in  1.668 seconds
Platform modules already initialized, skipping
Refreshing native plugins compatible for Editor in 0.34 ms, found 0 plugins.
Preloading 0 native plugins for Editor in 0.00 ms.
Unloading 1101 Unused Serialized files (Serialized files now loaded: 0)
System memory in use before: 58.1 MB.
System memory in use after: 58.2 MB.

Unloading 5 unused Assets to reduce memory usage. Loaded Objects now: 1556.
Total: 2.531800 ms (FindLiveObjects: 0.219300 ms CreateObjectMapping: 0.057200 ms MarkObjects: 2.194900 ms  DeleteObjects: 0.058700 ms)

========================================================================
Received Prepare
Registering precompiled user dll's ...
Registered in 0.001182 seconds.
Begin MonoManager ReloadAssembly
Native extension for WindowsStandalone target not found
Refreshing native plugins compatible for Editor in 0.34 ms, found 0 plugins.
Preloading 0 native plugins for Editor in 0.00 ms.
Invoked RoslynAnalysisRunner static constructor.
RoslynAnalysisRunner will not be running.
RoslynAnalysisRunner has terminated.
Mono: successfully reloaded assembly
- Completed reload, in  1.694 seconds
Platform modules already initialized, skipping
Refreshing native plugins compatible for Editor in 0.33 ms, found 0 plugins.
Preloading 0 native plugins for Editor in 0.00 ms.
Unloading 1101 Unused Serialized files (Serialized files now loaded: 0)
System memory in use before: 58.2 MB.
System memory in use after: 58.3 MB.

Unloading 5 unused Assets to reduce memory usage. Loaded Objects now: 1558.
Total: 2.481700 ms (FindLiveObjects: 0.226000 ms CreateObjectMapping: 0.075700 ms MarkObjects: 2.109300 ms  DeleteObjects: 0.068700 ms)

========================================================================
Received Prepare
Registering precompiled user dll's ...
Registered in 0.001261 seconds.
Begin MonoManager ReloadAssembly
Native extension for WindowsStandalone target not found
Refreshing native plugins compatible for Editor in 0.21 ms, found 0 plugins.
Preloading 0 native plugins for Editor in 0.00 ms.
Invoked RoslynAnalysisRunner static constructor.
RoslynAnalysisRunner will not be running.
RoslynAnalysisRunner has terminated.
Mono: successfully reloaded assembly
- Completed reload, in  1.610 seconds
Platform modules already initialized, skipping
Refreshing native plugins compatible for Editor in 0.41 ms, found 0 plugins.
Preloading 0 native plugins for Editor in 0.00 ms.
Unloading 1101 Unused Serialized files (Serialized files now loaded: 0)
System memory in use before: 58.4 MB.
System memory in use after: 58.5 MB.

Unloading 5 unused Assets to reduce memory usage. Loaded Objects now: 1560.
Total: 2.171200 ms (FindLiveObjects: 0.229500 ms CreateObjectMapping: 0.072500 ms MarkObjects: 1.800200 ms  DeleteObjects: 0.067200 ms)

========================================================================
Received Prepare
Registering precompiled user dll's ...
Registered in 0.001220 seconds.
Begin MonoManager ReloadAssembly
Native extension for WindowsStandalone target not found
Refreshing native plugins compatible for Editor in 0.35 ms, found 0 plugins.
Preloading 0 native plugins for Editor in 0.00 ms.
Invoked RoslynAnalysisRunner static constructor.
RoslynAnalysisRunner will not be running.
RoslynAnalysisRunner has terminated.
Mono: successfully reloaded assembly
- Completed reload, in  1.676 seconds
Platform modules already initialized, skipping
Refreshing native plugins compatible for Editor in 0.35 ms, found 0 plugins.
Preloading 0 native plugins for Editor in 0.00 ms.
Unloading 1101 Unused Serialized files (Serialized files now loaded: 0)
System memory in use before: 58.4 MB.
System memory in use after: 58.5 MB.

Unloading 5 unused Assets to reduce memory usage. Loaded Objects now: 1562.
Total: 2.513900 ms (FindLiveObjects: 0.210600 ms CreateObjectMapping: 0.123400 ms MarkObjects: 2.096300 ms  DeleteObjects: 0.082000 ms)

========================================================================
Received Prepare
Registering precompiled user dll's ...
Registered in 0.001241 seconds.
Begin MonoManager ReloadAssembly
Native extension for WindowsStandalone target not found
Refreshing native plugins compatible for Editor in 0.35 ms, found 0 plugins.
Preloading 0 native plugins for Editor in 0.00 ms.
Invoked RoslynAnalysisRunner static constructor.
RoslynAnalysisRunner will not be running.
RoslynAnalysisRunner has terminated.
Mono: successfully reloaded assembly
- Completed reload, in  1.859 seconds
Platform modules already initialized, skipping
Refreshing native plugins compatible for Editor in 0.34 ms, found 0 plugins.
Preloading 0 native plugins for Editor in 0.00 ms.
Unloading 1101 Unused Serialized files (Serialized files now loaded: 0)
System memory in use before: 58.7 MB.
System memory in use after: 58.7 MB.

Unloading 5 unused Assets to reduce memory usage. Loaded Objects now: 1564.
Total: 2.731800 ms (FindLiveObjects: 0.244700 ms CreateObjectMapping: 0.082800 ms MarkObjects: 2.300300 ms  DeleteObjects: 0.102600 ms)

AssetImportWorkerClient::OnTransportError - code=2 error=End of file
